10/11/2022 9:13:57 PM	This log contains information about the import schema operation into project 'Superheroes' on computer 'DEBTHEDBA' by user 'Deborah'.
10/11/2022 9:13:59 PM	Import of database schema has started.
10/11/2022 9:14:07 PM	Gathering database credentials
10/11/2022 9:14:07 PM	Gathering database options
10/11/2022 9:14:07 PM	Gathering generic database scoped configuration option
10/11/2022 9:14:07 PM	Gathering users
10/11/2022 9:14:07 PM	Gathering roles
10/11/2022 9:14:07 PM	Gathering application roles
10/11/2022 9:14:07 PM	Gathering role memberships
10/11/2022 9:14:07 PM	Gathering filegroups
10/11/2022 9:14:07 PM	Gathering full-text catalogs
10/11/2022 9:14:07 PM	Gathering assemblies
10/11/2022 9:14:07 PM	Gathering certificates
10/11/2022 9:14:07 PM	Gathering asymmetric keys
10/11/2022 9:14:07 PM	Gathering symmetric keys
10/11/2022 9:14:07 PM	Gathering encrypted symmetric keys
10/11/2022 9:14:07 PM	Gathering schemas
10/11/2022 9:14:07 PM	Gathering XML schema collections
10/11/2022 9:14:07 PM	Gathering user-defined data types
10/11/2022 9:14:07 PM	Gathering user-defined types
10/11/2022 9:14:07 PM	Gathering table types
10/11/2022 9:14:07 PM	Gathering unique keys for table types
10/11/2022 9:14:07 PM	Gathering primary keys for table types
10/11/2022 9:14:07 PM	Gathering indexes for table types
10/11/2022 9:14:08 PM	Gathering check constraints for table types
10/11/2022 9:14:08 PM	Gathering default constraints for table types
10/11/2022 9:14:08 PM	Gathering partition functions
10/11/2022 9:14:08 PM	Gathering partition schemes
10/11/2022 9:14:08 PM	Gathering functions
10/11/2022 9:14:08 PM	Gathering encrypted functions
10/11/2022 9:14:08 PM	Gathering aggregates
10/11/2022 9:14:08 PM	Gathering procedures
10/11/2022 9:14:08 PM	Gathering encrypted procedures
10/11/2022 9:14:08 PM	Gathering tables
10/11/2022 9:14:08 PM	Gathering primary keys
10/11/2022 9:14:08 PM	Gathering unique constraints
10/11/2022 9:14:08 PM	Gathering foreign keys
10/11/2022 9:14:08 PM	Gathering default constraints
10/11/2022 9:14:08 PM	Gathering check constraints
10/11/2022 9:14:08 PM	Gathering views
10/11/2022 9:14:08 PM	Gathering encrypted views
10/11/2022 9:14:08 PM	Gathering indexes
10/11/2022 9:14:08 PM	Gathering statistics
10/11/2022 9:14:08 PM	Gathering full-text index stoplists
10/11/2022 9:14:08 PM	Gathering search property lists
10/11/2022 9:14:08 PM	Gathering search properties
10/11/2022 9:14:08 PM	Gathering full-text indexes
10/11/2022 9:14:08 PM	Gathering column store indexes
10/11/2022 9:14:08 PM	Gathering spatial indexes
10/11/2022 9:14:08 PM	Gathering XML indexes
10/11/2022 9:14:08 PM	Gathering Selective XML indexes
10/11/2022 9:14:08 PM	Gathering encrypted triggers
10/11/2022 9:14:08 PM	Gathering triggers
10/11/2022 9:14:08 PM	Gathering encrypted and clr ddl triggers
10/11/2022 9:14:08 PM	Gathering ddl triggers
10/11/2022 9:14:08 PM	Creating edge constraints
10/11/2022 9:14:08 PM	Gathering synonyms
10/11/2022 9:14:08 PM	Gathering defaults
10/11/2022 9:14:08 PM	Gathering data constraint uddt bindings
10/11/2022 9:14:08 PM	Gathering rules
10/11/2022 9:14:08 PM	Gathering data constraint uddt bindings
10/11/2022 9:14:08 PM	Gathering message types
10/11/2022 9:14:08 PM	Gathering queues
10/11/2022 9:14:08 PM	Gathering contracts
10/11/2022 9:14:08 PM	Gathering services
10/11/2022 9:14:08 PM	Gathering event notifications
10/11/2022 9:14:08 PM	Gathering remote service bindings
10/11/2022 9:14:08 PM	Gathering broker priorities
10/11/2022 9:14:08 PM	Gathering signatures
10/11/2022 9:14:08 PM	Gathering data compression options
10/11/2022 9:14:08 PM	Gathering sequence types
10/11/2022 9:14:08 PM	Gathering security policies
10/11/2022 9:14:08 PM	Gather column encryption keys
10/11/2022 9:14:08 PM	Gathering column master keys
10/11/2022 9:14:08 PM	Gathering external data sources
10/11/2022 9:14:08 PM	Gathering external file formats
10/11/2022 9:14:08 PM	Gathering external tables
10/11/2022 9:14:08 PM	Gathering extended properties
10/11/2022 9:14:08 PM	Gathering credentials
10/11/2022 9:14:08 PM	Gathering logins
10/11/2022 9:14:08 PM	Gathering server audits
10/11/2022 9:14:10 PM	Scanning project for duplicate elements
10/11/2022 9:14:10 PM	Finished duplicate element processing
10/11/2022 9:14:11 PM	Finished importing database.
10/11/2022 9:14:11 PM	A summary of the import was saved to the following location: C:\GitRepo\IntroToSQLTools\DatabaseProjectSuperheroes\Superheroes\Import Schema Logs\Superheroes_20221012011357.log
10/11/2022 9:14:11 PM	Click Finish to continue...
